<?xml version="1.0" encoding="UTF-8"?>
<!-- Generated by org.testng.reporters.JUnitReportReporter -->
<testsuite hostname="Omar-Abdelbaky" failures="0" tests="1" name="SignUPTest" time="138.977" errors="0" timestamp="2025-04-07T15:43:38 EET" skipped="0">
  <testcase classname="SignUPTest" name="signUpClicking" time="138.977"/>
</testsuite> <!-- SignUPTest -->
